============================================================
连续 SAM 多 seed 检测器调参
Host:                 usmidet-com-prod-com044.aptiv.com
Job ID:               33272474
Array ID:             0
Combo index:          0
Python:               .venv/bin/python
Install deps:         0
Environment:          0.030 / 0.016 / 0.08
Timesteps:            300000
Episodes:             300
Seed:                 42
Threshold:            8
Decay:                0.02
Warmup steps:         20
Cooldown steps:       40
Switch margin:        0.20
Noise variance:       0.0005
Max normalized error: 8
SAM feature mode:     geometry
Start time:           2026-05-15 20:09:33
============================================================
============================================================
连续 OPS-DeMo sweep 单任务
{
  "experiment_name": "continuous_sam_multiseed_tune_is0p03_us0p016_cr0p08_ts300000_s42_samth8_dc0p02_wu20_cd40_mg0p2_nv0p0005_mx8_fmgeometry_oufalse",
  "interceptor_max_speed": 0.03,
  "intruder_max_speed": 0.016,
  "collision_radius": 0.08,
  "total_timesteps": 300000,
  "seed": 42,
  "episodes": 300,
  "detector_threshold": 8.0,
  "detector_decay": 0.02,
  "sam_warmup_steps": 20,
  "sam_cooldown_steps": 40,
  "sam_switch_margin": 0.2,
  "sam_max_normalized_error": 8.0,
  "sam_noise_variance": 0.0005,
  "sam_mc_passes": null,
  "sam_sample_steps": null,
  "sam_epochs": null,
  "sam_feature_mode": "geometry",
  "sam_online_updates": "false"
}
============================================================
Using cpu device
Wrapping the env with a `Monitor` wrapper
Wrapping the env in a DummyVecEnv.
---------------------------------
| rollout/           |          |
|    ep_len_mean     | 19.1     |
|    ep_rew_mean     | -103     |
| time/              |          |
|    fps             | 1603     |
|    iterations      | 1        |
|    time_elapsed    | 1        |
|    total_timesteps | 2048     |
---------------------------------
-----------------------------------------
| rollout/                |             |
|    ep_len_mean          | 18.1        |
|    ep_rew_mean          | -103        |
| time/                   |             |
|    fps                  | 1760        |
|    iterations           | 2           |
|    time_elapsed         | 2           |
|    total_timesteps      | 4096        |
| train/                  |             |
|    approx_kl            | 0.003061179 |
|    clip_fraction        | 0.00728     |
|    clip_range           | 0.2         |
|    entropy_loss         | -2.84       |
|    explained_variance   | -0.00355    |
|    learning_rate        | 0.0003      |
|    loss                 | 1.91e+03    |
|    n_updates            | 10          |
|    policy_gradient_loss | -0.00234    |
|    std                  | 1           |
|    value_loss           | 3.79e+03    |
-----------------------------------------
------------------------------------------
| rollout/                |              |
|    ep_len_mean          | 18.4         |
|    ep_rew_mean          | -103         |
| time/                   |              |
|    fps                  | 1834         |
|    iterations           | 3            |
|    time_elapsed         | 3            |
|    total_timesteps      | 6144         |
| train/                  |              |
|    approx_kl            | 0.0016523278 |
|    clip_fraction        | 0.00107      |
|    clip_range           | 0.2          |
|    entropy_loss         | -2.84        |
|    explained_variance   | -0.0136      |
|    learning_rate        | 0.0003       |
|    loss                 | 1.78e+03     |
|    n_updates            | 20           |
|    policy_gradient_loss | -0.00159     |
|    std                  | 1            |
|    value_loss           | 3.77e+03     |
------------------------------------------
------------------------------------------
| rollout/                |              |
|    ep_len_mean          | 18.1         |
|    ep_rew_mean          | -103         |
| time/                   |              |
|    fps                  | 1876         |
|    iterations           | 4            |
|    time_elapsed         | 4            |
|    total_timesteps      | 8192         |
| train/                  |              |
|    approx_kl            | 0.0022115526 |
|    clip_fraction        | 0.00205      |
|    clip_range           | 0.2          |
|    entropy_loss         | -2.84        |
|    explained_variance   | -0.0249      |
|    learning_rate        | 0.0003       |
|    loss                 | 1.73e+03     |
|    n_updates            | 30           |
|    policy_gradient_loss | -0.00247     |
|    std                  | 1            |
|    value_loss           | 3.38e+03     |
------------------------------------------
------------------------------------------
| rollout/                |              |
|    ep_len_mean          | 16.8         |
|    ep_rew_mean          | -103         |
| time/                   |              |
|    fps                  | 1901         |
|    iterations           | 5            |
|    time_elapsed         | 5            |
|    total_timesteps      | 10240        |
| train/                  |              |
|    approx_kl            | 0.0016069501 |
|    clip_fraction        | 0.00103      |
|    clip_range           | 0.2          |
|    entropy_loss         | -2.84        |
|    explained_variance   | -0.0238      |
|    learning_rate        | 0.0003       |
|    loss                 | 1.49e+03     |
|    n_updates            | 40           |
|    policy_gradient_loss | -0.00142     |
|    std                  | 1            |
|    value_loss           | 3.19e+03     |
------------------------------------------
------------------------------------------
| rollout/                |              |
|    ep_len_mean          | 18           |
|    ep_rew_mean          | -103         |
| time/                   |              |
|    fps                  | 1918         |
|    iterations           | 6            |
|    time_elapsed         | 6            |
|    total_timesteps      | 12288        |
| train/                  |              |
|    approx_kl            | 0.0023116334 |
|    clip_fraction        | 0.00249      |
|    clip_range           | 0.2          |
|    entropy_loss         | -2.83        |
|    explained_variance   | -0.0175      |
|    learning_rate        | 0.0003       |
|    loss                 | 1.47e+03     |
|    n_updates            | 50           |
|    policy_gradient_loss | -0.00241     |
|    std                  | 0.995        |
|    value_loss           | 3.06e+03     |
------------------------------------------
------------------------------------------
| rollout/                |              |
|    ep_len_mean          | 17           |
|    ep_rew_mean          | -103         |
| time/                   |              |
|    fps                  | 1930         |
|    iterations           | 7            |
|    time_elapsed         | 7            |
|    total_timesteps      | 14336        |
| train/                  |              |
|    approx_kl            | 0.0017751988 |
|    clip_fraction        | 0.00117      |
|    clip_range           | 0.2          |
|    entropy_loss         | -2.83        |
|    explained_variance   | -0.013       |
|    learning_rate        | 0.0003       |
|    loss                 | 1.49e+03     |
|    n_updates            | 60           |
|    policy_gradient_loss | -0.00179     |
|    std                  | 0.997        |
|    value_loss           | 2.92e+03     |
------------------------------------------
-----------------------------------------
| rollout/                |             |
|    ep_len_mean          | 17.1        |
|    ep_rew_mean          | -103        |
| time/                   |             |
|    fps                  | 1939        |
|    iterations           | 8           |
|    time_elapsed         | 8           |
|    total_timesteps      | 16384       |
| train/                  |             |
|    approx_kl            | 0.004220954 |
|    clip_fraction        | 0.00889     |
|    clip_range           | 0.2         |
|    entropy_loss         | -2.83       |
|    explained_variance   | -0.0104     |
|    learning_rate        | 0.0003      |
|    loss                 | 1.38e+03    |
|    n_updates            | 70          |
|    policy_gradient_loss | -0.00308    |
|    std                  | 0.999       |
|    value_loss           | 2.78e+03    |
-----------------------------------------
------------------------------------------
| rollout/                |              |
|    ep_len_mean          | 17           |
|    ep_rew_mean          | -103         |
| time/                   |              |
|    fps                  | 1947         |
|    iterations           | 9            |
|    time_elapsed         | 9            |
|    total_timesteps      | 18432        |
| train/                  |              |
|    approx_kl            | 0.0019688774 |
|    clip_fraction        | 0.00259      |
|    clip_range           | 0.2          |
|    entropy_loss         | -2.84        |
|    explained_variance   | -0.00674     |
|    learning_rate        | 0.0003       |
|    loss                 | 1.32e+03     |
|    n_updates            | 80           |
|    policy_gradient_loss | -0.00201     |
|    std                  | 1.01         |
|    value_loss           | 2.71e+03     |
------------------------------------------
------------------------------------------
| rollout/                |              |
|    ep_len_mean          | 16.5         |
|    ep_rew_mean          | -103         |
| time/                   |              |
|    fps                  | 1953         |
|    iterations           | 10           |
|    time_elapsed         | 10           |
|    total_timesteps      | 20480        |
| train/                  |              |
|    approx_kl            | 0.0042223725 |
|    clip_fraction        | 0.00884      |
|    clip_range           | 0.2          |
|    entropy_loss         | -2.85        |
|    explained_variance   | -0.00533     |
|    learning_rate        | 0.0003       |
|    loss                 | 1.06e+03     |
|    n_updates            | 90           |
|    policy_gradient_loss | -0.00265     |
|    std                  | 1            |
|    value_loss           | 2.52e+03     |
------------------------------------------
------------------------------------------
| rollout/                |              |
|    ep_len_mean          | 17.4         |
|    ep_rew_mean          | -103         |
| time/                   |              |
|    fps                  | 1957         |
|    iterations           | 11           |
|    time_elapsed         | 11           |
|    total_timesteps      | 22528        |
| train/                  |              |
|    approx_kl            | 0.0016138002 |
|    clip_fraction        | 0.00146      |
|    clip_range           | 0.2          |
|    entropy_loss         | -2.84        |
|    explained_variance   | -0.00451     |
|    learning_rate        | 0.0003       |
|    loss                 | 1.16e+03     |
|    n_updates            | 100          |
|    policy_gradient_loss | -0.00125     |
|    std                  | 1            |
|    value_loss           | 2.45e+03     |
------------------------------------------
------------------------------------------
| rollout/                |              |
|    ep_len_mean          | 17.1         |
|    ep_rew_mean          | -103         |
| time/                   |              |
|    fps                  | 1960         |
|    iterations           | 12           |
|    time_elapsed         | 12           |
|    total_timesteps      | 24576        |
| train/                  |              |
|    approx_kl            | 0.0033528276 |
|    clip_fraction        | 0.00425      |
|    clip_range           | 0.2          |
|    entropy_loss         | -2.83        |
|    explained_variance   | -0.00373     |
|    learning_rate        | 0.0003       |
|    loss                 | 1.12e+03     |
|    n_updates            | 110          |
|    policy_gradient_loss | -0.00259     |
|    std                  | 0.994        |
|    value_loss           | 2.35e+03     |
------------------------------------------
------------------------------------------
| rollout/                |              |
|    ep_len_mean          | 17.3         |
|    ep_rew_mean          | -103         |
| time/                   |              |
|    fps                  | 1965         |
|    iterations           | 13           |
|    time_elapsed         | 13           |
|    total_timesteps      | 26624        |
| train/                  |              |
|    approx_kl            | 0.0049508642 |
|    clip_fraction        | 0.0265       |
|    clip_range           | 0.2          |
|    entropy_loss         | -2.82        |
|    explained_variance   | -0.00291     |
|    learning_rate        | 0.0003       |
|    loss                 | 1.12e+03     |
|    n_updates            | 120          |
|    policy_gradient_loss | -0.00392     |
|    std                  | 0.991        |
|    value_loss           | 2.25e+03     |
------------------------------------------
----------------------------------------
| rollout/                |            |
|    ep_len_mean          | 17.3       |
|    ep_rew_mean          | -103       |
| time/                   |            |
|    fps                  | 1967       |
|    iterations           | 14         |
|    time_elapsed         | 14         |
|    total_timesteps      | 28672      |
| train/                  |            |
|    approx_kl            | 0.00457719 |
|    clip_fraction        | 0.0213     |
|    clip_range           | 0.2        |
|    entropy_loss         | -2.82      |
|    explained_variance   | -0.00248   |
|    learning_rate        | 0.0003     |
|    loss                 | 995        |
|    n_updates            | 130        |
|    policy_gradient_loss | -0.00386   |
|    std                  | 0.988      |
|    value_loss           | 2.07e+03   |
----------------------------------------
------------------------------------------
| rollout/                |              |
|    ep_len_mean          | 19.4         |
|    ep_rew_mean          | -103         |
| time/                   |              |
|    fps                  | 1970         |
|    iterations           | 15           |
|    time_elapsed         | 15           |
|    total_timesteps      | 30720        |
| train/                  |              |
|    approx_kl            | 0.0035880513 |
|    clip_fraction        | 0.00654      |
|    clip_range           | 0.2          |
|    entropy_loss         | -2.81        |
|    explained_variance   | -0.00224     |
|    learning_rate        | 0.0003       |
|    loss                 | 969          |
|    n_updates            | 140          |
|    policy_gradient_loss | -0.00235     |
|    std                  | 0.986        |
|    value_loss           | 2.01e+03     |
------------------------------------------
------------------------------------------
| rollout/                |              |
|    ep_len_mean          | 17.6         |
|    ep_rew_mean          | -103         |
| time/                   |              |
|    fps                  | 1973         |
|    iterations           | 16           |
|    time_elapsed         | 16           |
|    total_timesteps      | 32768        |
| train/                  |              |
|    approx_kl            | 0.0028136806 |
|    clip_fraction        | 0.00747      |
|    clip_range           | 0.2          |
|    entropy_loss         | -2.81        |
|    explained_variance   | -0.00225     |
|    learning_rate        | 0.0003       |
|    loss                 | 793          |
|    n_updates            | 150          |
|    policy_gradient_loss | -0.00235     |
|    std                  | 0.991        |
|    value_loss           | 1.78e+03     |
------------------------------------------
-----------------------------------------
| rollout/                |             |
|    ep_len_mean          | 17.9        |
|    ep_rew_mean          | -103        |
| time/                   |             |
|    fps                  | 1975        |
|    iterations           | 17          |
|    time_elapsed         | 17          |
|    total_timesteps      | 34816       |
| train/                  |             |
|    approx_kl            | 0.004944527 |
|    clip_fraction        | 0.0198      |
|    clip_range           | 0.2         |
|    entropy_loss         | -2.82       |
|    explained_variance   | -0.00187    |
|    learning_rate        | 0.0003      |
|    loss                 | 869         |
|    n_updates            | 160         |
|    policy_gradient_loss | -0.00326    |
|    std                  | 0.989       |
|    value_loss           | 1.76e+03    |
-----------------------------------------
------------------------------------------
| rollout/                |              |
|    ep_len_mean          | 17.8         |
|    ep_rew_mean          | -103         |
| time/                   |              |
|    fps                  | 1977         |
|    iterations           | 18           |
|    time_elapsed         | 18           |
|    total_timesteps      | 36864        |
| train/                  |              |
|    approx_kl            | 0.0016631512 |
|    clip_fraction        | 0.000684     |
|    clip_range           | 0.2          |
|    entropy_loss         | -2.81        |
|    explained_variance   | -0.00159     |
|    learning_rate        | 0.0003       |
|    loss                 | 762          |
|    n_updates            | 170          |
|    policy_gradient_loss | -0.00104     |
|    std                  | 0.988        |
|    value_loss           | 1.67e+03     |
------------------------------------------
