Obtaining file:///mnt/users/xj62kv/reinforcement-learning-strategy
  Installing build dependencies: started
  Installing build dependencies: finished with status 'done'
  Checking if build backend supports build_editable: started
  Checking if build backend supports build_editable: finished with status 'done'
  Getting requirements to build editable: started
  Getting requirements to build editable: finished with status 'done'
  Preparing editable metadata (pyproject.toml): started
  Preparing editable metadata (pyproject.toml): finished with status 'done'
Requirement already satisfied: gymnasium<1.1,>=0.29 in ./.venv/lib/python3.11/site-packages (from reinforcement-learning-strategy==0.1.0) (1.0.0)
Requirement already satisfied: matplotlib>=3.8 in ./.venv/lib/python3.11/site-packages (from reinforcement-learning-strategy==0.1.0) (3.10.9)
Requirement already satisfied: numpy>=1.26 in ./.venv/lib/python3.11/site-packages (from reinforcement-learning-strategy==0.1.0) (2.4.4)
Requirement already satisfied: pandas>=2.2 in ./.venv/lib/python3.11/site-packages (from reinforcement-learning-strategy==0.1.0) (3.0.3)
Requirement already satisfied: pyyaml>=6.0 in ./.venv/lib/python3.11/site-packages (from reinforcement-learning-strategy==0.1.0) (6.0.3)
Requirement already satisfied: stable-baselines3>=2.3 in ./.venv/lib/python3.11/site-packages (from reinforcement-learning-strategy==0.1.0) (2.8.0)
Requirement already satisfied: torch>=2.2 in ./.venv/lib/python3.11/site-packages (from reinforcement-learning-strategy==0.1.0) (2.11.0)
Requirement already satisfied: pytest>=8.0 in ./.venv/lib/python3.11/site-packages (from reinforcement-learning-strategy==0.1.0) (9.0.3)
Requirement already satisfied: cloudpickle>=1.2.0 in ./.venv/lib/python3.11/site-packages (from gymnasium<1.1,>=0.29->reinforcement-learning-strategy==0.1.0) (3.1.2)
Requirement already satisfied: typing-extensions>=4.3.0 in ./.venv/lib/python3.11/site-packages (from gymnasium<1.1,>=0.29->reinforcement-learning-strategy==0.1.0) (4.15.0)
Requirement already satisfied: farama-notifications>=0.0.1 in ./.venv/lib/python3.11/site-packages (from gymnasium<1.1,>=0.29->reinforcement-learning-strategy==0.1.0) (0.0.6)
Requirement already satisfied: contourpy>=1.0.1 in ./.venv/lib/python3.11/site-packages (from matplotlib>=3.8->reinforcement-learning-strategy==0.1.0) (1.3.3)
Requirement already satisfied: cycler>=0.10 in ./.venv/lib/python3.11/site-packages (from matplotlib>=3.8->reinforcement-learning-strategy==0.1.0) (0.12.1)
Requirement already satisfied: fonttools>=4.22.0 in ./.venv/lib/python3.11/site-packages (from matplotlib>=3.8->reinforcement-learning-strategy==0.1.0) (4.62.1)
Requirement already satisfied: kiwisolver>=1.3.1 in ./.venv/lib/python3.11/site-packages (from matplotlib>=3.8->reinforcement-learning-strategy==0.1.0) (1.5.0)
Requirement already satisfied: packaging>=20.0 in ./.venv/lib/python3.11/site-packages (from matplotlib>=3.8->reinforcement-learning-strategy==0.1.0) (26.2)
Requirement already satisfied: pillow>=8 in ./.venv/lib/python3.11/site-packages (from matplotlib>=3.8->reinforcement-learning-strategy==0.1.0) (12.2.0)
Requirement already satisfied: pyparsing>=3 in ./.venv/lib/python3.11/site-packages (from matplotlib>=3.8->reinforcement-learning-strategy==0.1.0) (3.3.2)
Requirement already satisfied: python-dateutil>=2.7 in ./.venv/lib/python3.11/site-packages (from matplotlib>=3.8->reinforcement-learning-strategy==0.1.0) (2.9.0.post0)
Requirement already satisfied: iniconfig>=1.0.1 in ./.venv/lib/python3.11/site-packages (from pytest>=8.0->reinforcement-learning-strategy==0.1.0) (2.3.0)
Requirement already satisfied: pluggy<2,>=1.5 in ./.venv/lib/python3.11/site-packages (from pytest>=8.0->reinforcement-learning-strategy==0.1.0) (1.6.0)
Requirement already satisfied: pygments>=2.7.2 in ./.venv/lib/python3.11/site-packages (from pytest>=8.0->reinforcement-learning-strategy==0.1.0) (2.20.0)
Requirement already satisfied: six>=1.5 in ./.venv/lib/python3.11/site-packages (from python-dateutil>=2.7->matplotlib>=3.8->reinforcement-learning-strategy==0.1.0) (1.17.0)
Requirement already satisfied: filelock in ./.venv/lib/python3.11/site-packages (from torch>=2.2->reinforcement-learning-strategy==0.1.0) (3.29.0)
Requirement already satisfied: setuptools<82 in ./.venv/lib/python3.11/site-packages (from torch>=2.2->reinforcement-learning-strategy==0.1.0) (65.5.0)
Requirement already satisfied: sympy>=1.13.3 in ./.venv/lib/python3.11/site-packages (from torch>=2.2->reinforcement-learning-strategy==0.1.0) (1.14.0)
Requirement already satisfied: networkx>=2.5.1 in ./.venv/lib/python3.11/site-packages (from torch>=2.2->reinforcement-learning-strategy==0.1.0) (3.6.1)
Requirement already satisfied: jinja2 in ./.venv/lib/python3.11/site-packages (from torch>=2.2->reinforcement-learning-strategy==0.1.0) (3.1.6)
Requirement already satisfied: fsspec>=0.8.5 in ./.venv/lib/python3.11/site-packages (from torch>=2.2->reinforcement-learning-strategy==0.1.0) (2026.4.0)
Requirement already satisfied: cuda-toolkit==13.0.2 in ./.venv/lib/python3.11/site-packages (from cuda-toolkit[cublas,cudart,cufft,cufile,cupti,curand,cusolver,cusparse,nvjitlink,nvrtc,nvtx]==13.0.2; platform_system == "Linux"->torch>=2.2->reinforcement-learning-strategy==0.1.0) (13.0.2)
Requirement already satisfied: cuda-bindings<14,>=13.0.3 in ./.venv/lib/python3.11/site-packages (from torch>=2.2->reinforcement-learning-strategy==0.1.0) (13.2.0)
Requirement already satisfied: nvidia-cudnn-cu13==9.19.0.56 in ./.venv/lib/python3.11/site-packages (from torch>=2.2->reinforcement-learning-strategy==0.1.0) (9.19.0.56)
Requirement already satisfied: nvidia-cusparselt-cu13==0.8.0 in ./.venv/lib/python3.11/site-packages (from torch>=2.2->reinforcement-learning-strategy==0.1.0) (0.8.0)
Requirement already satisfied: nvidia-nccl-cu13==2.28.9 in ./.venv/lib/python3.11/site-packages (from torch>=2.2->reinforcement-learning-strategy==0.1.0) (2.28.9)
Requirement already satisfied: nvidia-nvshmem-cu13==3.4.5 in ./.venv/lib/python3.11/site-packages (from torch>=2.2->reinforcement-learning-strategy==0.1.0) (3.4.5)
Requirement already satisfied: triton==3.6.0 in ./.venv/lib/python3.11/site-packages (from torch>=2.2->reinforcement-learning-strategy==0.1.0) (3.6.0)
Requirement already satisfied: nvidia-cublas==13.1.0.3.* in ./.venv/lib/python3.11/site-packages (from cuda-toolkit[cublas,cudart,cufft,cufile,cupti,curand,cusolver,cusparse,nvjitlink,nvrtc,nvtx]==13.0.2; platform_system == "Linux"->torch>=2.2->reinforcement-learning-strategy==0.1.0) (13.1.0.3)
Requirement already satisfied: nvidia-cuda-runtime==13.0.96.* in ./.venv/lib/python3.11/site-packages (from cuda-toolkit[cublas,cudart,cufft,cufile,cupti,curand,cusolver,cusparse,nvjitlink,nvrtc,nvtx]==13.0.2; platform_system == "Linux"->torch>=2.2->reinforcement-learning-strategy==0.1.0) (13.0.96)
Requirement already satisfied: nvidia-cufft==12.0.0.61.* in ./.venv/lib/python3.11/site-packages (from cuda-toolkit[cublas,cudart,cufft,cufile,cupti,curand,cusolver,cusparse,nvjitlink,nvrtc,nvtx]==13.0.2; platform_system == "Linux"->torch>=2.2->reinforcement-learning-strategy==0.1.0) (12.0.0.61)
Requirement already satisfied: nvidia-cufile==1.15.1.6.* in ./.venv/lib/python3.11/site-packages (from cuda-toolkit[cublas,cudart,cufft,cufile,cupti,curand,cusolver,cusparse,nvjitlink,nvrtc,nvtx]==13.0.2; platform_system == "Linux"->torch>=2.2->reinforcement-learning-strategy==0.1.0) (1.15.1.6)
Requirement already satisfied: nvidia-cuda-cupti==13.0.85.* in ./.venv/lib/python3.11/site-packages (from cuda-toolkit[cublas,cudart,cufft,cufile,cupti,curand,cusolver,cusparse,nvjitlink,nvrtc,nvtx]==13.0.2; platform_system == "Linux"->torch>=2.2->reinforcement-learning-strategy==0.1.0) (13.0.85)
Requirement already satisfied: nvidia-curand==10.4.0.35.* in ./.venv/lib/python3.11/site-packages (from cuda-toolkit[cublas,cudart,cufft,cufile,cupti,curand,cusolver,cusparse,nvjitlink,nvrtc,nvtx]==13.0.2; platform_system == "Linux"->torch>=2.2->reinforcement-learning-strategy==0.1.0) (10.4.0.35)
Requirement already satisfied: nvidia-cusolver==12.0.4.66.* in ./.venv/lib/python3.11/site-packages (from cuda-toolkit[cublas,cudart,cufft,cufile,cupti,curand,cusolver,cusparse,nvjitlink,nvrtc,nvtx]==13.0.2; platform_system == "Linux"->torch>=2.2->reinforcement-learning-strategy==0.1.0) (12.0.4.66)
Requirement already satisfied: nvidia-cusparse==12.6.3.3.* in ./.venv/lib/python3.11/site-packages (from cuda-toolkit[cublas,cudart,cufft,cufile,cupti,curand,cusolver,cusparse,nvjitlink,nvrtc,nvtx]==13.0.2; platform_system == "Linux"->torch>=2.2->reinforcement-learning-strategy==0.1.0) (12.6.3.3)
Requirement already satisfied: nvidia-nvjitlink==13.0.88.* in ./.venv/lib/python3.11/site-packages (from cuda-toolkit[cublas,cudart,cufft,cufile,cupti,curand,cusolver,cusparse,nvjitlink,nvrtc,nvtx]==13.0.2; platform_system == "Linux"->torch>=2.2->reinforcement-learning-strategy==0.1.0) (13.0.88)
Requirement already satisfied: nvidia-cuda-nvrtc==13.0.88.* in ./.venv/lib/python3.11/site-packages (from cuda-toolkit[cublas,cudart,cufft,cufile,cupti,curand,cusolver,cusparse,nvjitlink,nvrtc,nvtx]==13.0.2; platform_system == "Linux"->torch>=2.2->reinforcement-learning-strategy==0.1.0) (13.0.88)
Requirement already satisfied: nvidia-nvtx==13.0.85.* in ./.venv/lib/python3.11/site-packages (from cuda-toolkit[cublas,cudart,cufft,cufile,cupti,curand,cusolver,cusparse,nvjitlink,nvrtc,nvtx]==13.0.2; platform_system == "Linux"->torch>=2.2->reinforcement-learning-strategy==0.1.0) (13.0.85)
Requirement already satisfied: cuda-pathfinder~=1.1 in ./.venv/lib/python3.11/site-packages (from cuda-bindings<14,>=13.0.3->torch>=2.2->reinforcement-learning-strategy==0.1.0) (1.5.4)
Requirement already satisfied: mpmath<1.4,>=1.1.0 in ./.venv/lib/python3.11/site-packages (from sympy>=1.13.3->torch>=2.2->reinforcement-learning-strategy==0.1.0) (1.3.0)
Requirement already satisfied: MarkupSafe>=2.0 in ./.venv/lib/python3.11/site-packages (from jinja2->torch>=2.2->reinforcement-learning-strategy==0.1.0) (3.0.3)
Building wheels for collected packages: reinforcement-learning-strategy
  Building editable for reinforcement-learning-strategy (pyproject.toml): started
  Building editable for reinforcement-learning-strategy (pyproject.toml): finished with status 'done'
  Created wheel for reinforcement-learning-strategy: filename=reinforcement_learning_strategy-0.1.0-0.editable-py3-none-any.whl size=1735 sha256=72223210af5138bf484fd4fbc50e06d0e57e98d2485bf60caabeb3f16541c64e
  Stored in directory: /tmp/pip-ephem-wheel-cache-9h1aqqhc/wheels/fd/d8/61/c4a6da56a51aafda5dff1e216017677c0094000b098ab29bb7
Successfully built reinforcement-learning-strategy
Installing collected packages: reinforcement-learning-strategy
  Attempting uninstall: reinforcement-learning-strategy
    Found existing installation: reinforcement-learning-strategy 0.1.0
    Uninstalling reinforcement-learning-strategy-0.1.0:
      Successfully uninstalled reinforcement-learning-strategy-0.1.0
Successfully installed reinforcement-learning-strategy-0.1.0
已汇总 185 条连续 sweep 结果到: runs/continuous_sweep_summary.csv
