============================================================
连续 OPS-DeMo 1M+ 确认长训
Host:              usmidet-com-prod-com047.aptiv.com
Job ID:            32999594
Array ID:          3
Candidate index:   1
Python:            .venv/bin/python
Install deps:      0
Interceptor speed: 0.030
Intruder speed:    0.016
Collision radius:  0.10
Timesteps:         1500000
Episodes:          800
Seed:              42
Name prefix:       continuous_confirm
Start time:        2026-05-13 09:04:59
============================================================
============================================================
连续 OPS-DeMo sweep 单任务
{
  "experiment_name": "continuous_confirm_is0p03_us0p016_cr0p1_ts1500000_s42",
  "interceptor_max_speed": 0.03,
  "intruder_max_speed": 0.016,
  "collision_radius": 0.1,
  "total_timesteps": 1500000,
  "seed": 42,
  "episodes": 800
}
============================================================
Using cpu device
Wrapping the env with a `Monitor` wrapper
Wrapping the env in a DummyVecEnv.
---------------------------------
| rollout/           |          |
|    ep_len_mean     | 19.1     |
|    ep_rew_mean     | -103     |
| time/              |          |
|    fps             | 1553     |
|    iterations      | 1        |
|    time_elapsed    | 1        |
|    total_timesteps | 2048     |
---------------------------------
-----------------------------------------
| rollout/                |             |
|    ep_len_mean          | 18.1        |
|    ep_rew_mean          | -103        |
| time/                   |             |
|    fps                  | 1680        |
|    iterations           | 2           |
|    time_elapsed         | 2           |
|    total_timesteps      | 4096        |
| train/                  |             |
|    approx_kl            | 0.003061179 |
|    clip_fraction        | 0.00728     |
|    clip_range           | 0.2         |
|    entropy_loss         | -2.84       |
|    explained_variance   | -0.00355    |
|    learning_rate        | 0.0003      |
|    loss                 | 1.91e+03    |
|    n_updates            | 10          |
|    policy_gradient_loss | -0.00234    |
|    std                  | 1           |
|    value_loss           | 3.79e+03    |
-----------------------------------------
------------------------------------------
| rollout/                |              |
|    ep_len_mean          | 18.4         |
|    ep_rew_mean          | -103         |
| time/                   |              |
|    fps                  | 1755         |
|    iterations           | 3            |
|    time_elapsed         | 3            |
|    total_timesteps      | 6144         |
| train/                  |              |
|    approx_kl            | 0.0016523278 |
|    clip_fraction        | 0.00107      |
|    clip_range           | 0.2          |
|    entropy_loss         | -2.84        |
|    explained_variance   | -0.0136      |
|    learning_rate        | 0.0003       |
|    loss                 | 1.78e+03     |
|    n_updates            | 20           |
|    policy_gradient_loss | -0.00159     |
|    std                  | 1            |
|    value_loss           | 3.77e+03     |
------------------------------------------
------------------------------------------
| rollout/                |              |
|    ep_len_mean          | 18.1         |
|    ep_rew_mean          | -103         |
| time/                   |              |
|    fps                  | 1796         |
|    iterations           | 4            |
|    time_elapsed         | 4            |
|    total_timesteps      | 8192         |
| train/                  |              |
|    approx_kl            | 0.0022115526 |
|    clip_fraction        | 0.00205      |
|    clip_range           | 0.2          |
|    entropy_loss         | -2.84        |
|    explained_variance   | -0.0249      |
|    learning_rate        | 0.0003       |
|    loss                 | 1.73e+03     |
|    n_updates            | 30           |
|    policy_gradient_loss | -0.00247     |
|    std                  | 1            |
|    value_loss           | 3.38e+03     |
------------------------------------------
------------------------------------------
| rollout/                |              |
|    ep_len_mean          | 16.8         |
|    ep_rew_mean          | -103         |
| time/                   |              |
|    fps                  | 1820         |
|    iterations           | 5            |
|    time_elapsed         | 5            |
|    total_timesteps      | 10240        |
| train/                  |              |
|    approx_kl            | 0.0016069501 |
|    clip_fraction        | 0.00103      |
|    clip_range           | 0.2          |
|    entropy_loss         | -2.84        |
|    explained_variance   | -0.0238      |
|    learning_rate        | 0.0003       |
|    loss                 | 1.49e+03     |
|    n_updates            | 40           |
|    policy_gradient_loss | -0.00142     |
|    std                  | 1            |
|    value_loss           | 3.19e+03     |
------------------------------------------
------------------------------------------
| rollout/                |              |
|    ep_len_mean          | 18           |
|    ep_rew_mean          | -103         |
| time/                   |              |
|    fps                  | 1837         |
|    iterations           | 6            |
|    time_elapsed         | 6            |
|    total_timesteps      | 12288        |
| train/                  |              |
|    approx_kl            | 0.0023116334 |
|    clip_fraction        | 0.00249      |
|    clip_range           | 0.2          |
|    entropy_loss         | -2.83        |
|    explained_variance   | -0.0175      |
|    learning_rate        | 0.0003       |
|    loss                 | 1.47e+03     |
|    n_updates            | 50           |
|    policy_gradient_loss | -0.00241     |
|    std                  | 0.995        |
|    value_loss           | 3.06e+03     |
------------------------------------------
------------------------------------------
| rollout/                |              |
|    ep_len_mean          | 17           |
|    ep_rew_mean          | -103         |
| time/                   |              |
|    fps                  | 1849         |
|    iterations           | 7            |
|    time_elapsed         | 7            |
|    total_timesteps      | 14336        |
| train/                  |              |
|    approx_kl            | 0.0017751988 |
|    clip_fraction        | 0.00117      |
|    clip_range           | 0.2          |
|    entropy_loss         | -2.83        |
|    explained_variance   | -0.013       |
|    learning_rate        | 0.0003       |
|    loss                 | 1.49e+03     |
|    n_updates            | 60           |
|    policy_gradient_loss | -0.00179     |
|    std                  | 0.997        |
|    value_loss           | 2.92e+03     |
------------------------------------------
-----------------------------------------
| rollout/                |             |
|    ep_len_mean          | 17.1        |
|    ep_rew_mean          | -103        |
| time/                   |             |
|    fps                  | 1859        |
|    iterations           | 8           |
|    time_elapsed         | 8           |
|    total_timesteps      | 16384       |
| train/                  |             |
|    approx_kl            | 0.004220954 |
|    clip_fraction        | 0.00889     |
|    clip_range           | 0.2         |
|    entropy_loss         | -2.83       |
|    explained_variance   | -0.0104     |
|    learning_rate        | 0.0003      |
|    loss                 | 1.38e+03    |
|    n_updates            | 70          |
|    policy_gradient_loss | -0.00308    |
|    std                  | 0.999       |
|    value_loss           | 2.78e+03    |
-----------------------------------------
------------------------------------------
| rollout/                |              |
|    ep_len_mean          | 17           |
|    ep_rew_mean          | -103         |
| time/                   |              |
|    fps                  | 1867         |
|    iterations           | 9            |
|    time_elapsed         | 9            |
|    total_timesteps      | 18432        |
| train/                  |              |
|    approx_kl            | 0.0019688774 |
|    clip_fraction        | 0.00259      |
|    clip_range           | 0.2          |
|    entropy_loss         | -2.84        |
|    explained_variance   | -0.00674     |
|    learning_rate        | 0.0003       |
|    loss                 | 1.32e+03     |
|    n_updates            | 80           |
|    policy_gradient_loss | -0.00201     |
|    std                  | 1.01         |
|    value_loss           | 2.71e+03     |
------------------------------------------
------------------------------------------
| rollout/                |              |
|    ep_len_mean          | 16.5         |
|    ep_rew_mean          | -103         |
| time/                   |              |
|    fps                  | 1873         |
|    iterations           | 10           |
|    time_elapsed         | 10           |
|    total_timesteps      | 20480        |
| train/                  |              |
|    approx_kl            | 0.0042223725 |
|    clip_fraction        | 0.00884      |
|    clip_range           | 0.2          |
|    entropy_loss         | -2.85        |
|    explained_variance   | -0.00533     |
|    learning_rate        | 0.0003       |
|    loss                 | 1.06e+03     |
|    n_updates            | 90           |
|    policy_gradient_loss | -0.00265     |
|    std                  | 1            |
|    value_loss           | 2.52e+03     |
------------------------------------------
------------------------------------------
| rollout/                |              |
|    ep_len_mean          | 17.4         |
|    ep_rew_mean          | -103         |
| time/                   |              |
|    fps                  | 1878         |
|    iterations           | 11           |
|    time_elapsed         | 11           |
|    total_timesteps      | 22528        |
| train/                  |              |
|    approx_kl            | 0.0016138002 |
|    clip_fraction        | 0.00146      |
|    clip_range           | 0.2          |
|    entropy_loss         | -2.84        |
|    explained_variance   | -0.00451     |
|    learning_rate        | 0.0003       |
|    loss                 | 1.16e+03     |
|    n_updates            | 100          |
|    policy_gradient_loss | -0.00125     |
|    std                  | 1            |
|    value_loss           | 2.45e+03     |
------------------------------------------
------------------------------------------
| rollout/                |              |
|    ep_len_mean          | 17.1         |
|    ep_rew_mean          | -103         |
| time/                   |              |
|    fps                  | 1882         |
|    iterations           | 12           |
|    time_elapsed         | 13           |
|    total_timesteps      | 24576        |
| train/                  |              |
|    approx_kl            | 0.0033528276 |
|    clip_fraction        | 0.00425      |
|    clip_range           | 0.2          |
|    entropy_loss         | -2.83        |
|    explained_variance   | -0.00373     |
|    learning_rate        | 0.0003       |
|    loss                 | 1.12e+03     |
|    n_updates            | 110          |
|    policy_gradient_loss | -0.00259     |
|    std                  | 0.994        |
|    value_loss           | 2.35e+03     |
------------------------------------------
------------------------------------------
| rollout/                |              |
|    ep_len_mean          | 17.3         |
|    ep_rew_mean          | -103         |
| time/                   |              |
|    fps                  | 1885         |
|    iterations           | 13           |
|    time_elapsed         | 14           |
|    total_timesteps      | 26624        |
| train/                  |              |
|    approx_kl            | 0.0049508642 |
|    clip_fraction        | 0.0265       |
|    clip_range           | 0.2          |
|    entropy_loss         | -2.82        |
|    explained_variance   | -0.00291     |
|    learning_rate        | 0.0003       |
|    loss                 | 1.12e+03     |
|    n_updates            | 120          |
|    policy_gradient_loss | -0.00392     |
|    std                  | 0.991        |
|    value_loss           | 2.25e+03     |
------------------------------------------
----------------------------------------
| rollout/                |            |
|    ep_len_mean          | 17.3       |
|    ep_rew_mean          | -103       |
| time/                   |            |
|    fps                  | 1888       |
|    iterations           | 14         |
|    time_elapsed         | 15         |
|    total_timesteps      | 28672      |
| train/                  |            |
|    approx_kl            | 0.00457719 |
|    clip_fraction        | 0.0213     |
|    clip_range           | 0.2        |
|    entropy_loss         | -2.82      |
|    explained_variance   | -0.00248   |
|    learning_rate        | 0.0003     |
|    loss                 | 995        |
|    n_updates            | 130        |
|    policy_gradient_loss | -0.00386   |
|    std                  | 0.988      |
|    value_loss           | 2.07e+03   |
----------------------------------------
------------------------------------------
| rollout/                |              |
|    ep_len_mean          | 19.4         |
|    ep_rew_mean          | -103         |
| time/                   |              |
|    fps                  | 1890         |
|    iterations           | 15           |
|    time_elapsed         | 16           |
|    total_timesteps      | 30720        |
| train/                  |              |
|    approx_kl            | 0.0035880513 |
|    clip_fraction        | 0.00654      |
|    clip_range           | 0.2          |
|    entropy_loss         | -2.81        |
|    explained_variance   | -0.00224     |
|    learning_rate        | 0.0003       |
|    loss                 | 969          |
|    n_updates            | 140          |
|    policy_gradient_loss | -0.00235     |
|    std                  | 0.986        |
|    value_loss           | 2.01e+03     |
------------------------------------------
------------------------------------------
| rollout/                |              |
|    ep_len_mean          | 17.6         |
|    ep_rew_mean          | -103         |
| time/                   |              |
|    fps                  | 1892         |
|    iterations           | 16           |
|    time_elapsed         | 17           |
|    total_timesteps      | 32768        |
| train/                  |              |
|    approx_kl            | 0.0028136806 |
|    clip_fraction        | 0.00747      |
|    clip_range           | 0.2          |
|    entropy_loss         | -2.81        |
|    explained_variance   | -0.00225     |
|    learning_rate        | 0.0003       |
|    loss                 | 793          |
|    n_updates            | 150          |
|    policy_gradient_loss | -0.00235     |
|    std                  | 0.991        |
|    value_loss           | 1.78e+03     |
------------------------------------------
-----------------------------------------
| rollout/                |             |
|    ep_len_mean          | 17.9        |
|    ep_rew_mean          | -103        |
| time/                   |             |
|    fps                  | 1894        |
|    iterations           | 17          |
|    time_elapsed         | 18          |
|    total_timesteps      | 34816       |
| train/                  |             |
|    approx_kl            | 0.004944527 |
|    clip_fraction        | 0.0198      |
|    clip_range           | 0.2         |
|    entropy_loss         | -2.82       |
|    explained_variance   | -0.00187    |
|    learning_rate        | 0.0003      |
|    loss                 | 869         |
|    n_updates            | 160         |
|    policy_gradient_loss | -0.00326    |
|    std                  | 0.989       |
|    value_loss           | 1.76e+03    |
-----------------------------------------
------------------------------------------
| rollout/                |              |
|    ep_len_mean          | 17.8         |
|    ep_rew_mean          | -103         |
| time/                   |              |
|    fps                  | 1896         |
|    iterations           | 18           |
|    time_elapsed         | 19           |
|    total_timesteps      | 36864        |
| train/                  |              |
|    approx_kl            | 0.0016631512 |
|    clip_fraction        | 0.000684     |
|    clip_range           | 0.2          |
|    entropy_loss         | -2.81        |
|    explained_variance   | -0.00159     |
|    learning_rate        | 0.0003       |
|    loss                 | 762          |
|    n_updates            | 170          |
|    policy_gradient_loss | -0.00104     |
|    std                  | 0.988        |
|    value_loss           | 1.67e+03     |
------------------------------------------
------------------------------------------
| rollout/                |              |
|    ep_len_mean          | 18.2         |
|    ep_rew_mean          | -103         |
| time/                   |              |
|    fps                  | 1897         |
|    iterations           | 19           |
|    time_elapsed         | 20           |
|    total_timesteps      | 38912        |
| train/                  |              |
|    approx_kl            | 0.0045890976 |
|    clip_fraction        | 0.022        |
|    clip_range           | 0.2          |
|    entropy_loss         | -2.82        |
|    explained_variance   | -0.00151     |
|    learning_rate        | 0.0003       |
|    loss                 | 719          |
|    n_updates            | 180          |
|    policy_gradient_loss | -0.00454     |
|    std                  | 0.989        |
|    value_loss           | 1.62e+03     |
------------------------------------------
------------------------------------------
| rollout/                |              |
|    ep_len_mean          | 18.3         |
|    ep_rew_mean          | -103         |
| time/                   |              |
|    fps                  | 1899         |
|    iterations           | 20           |
|    time_elapsed         | 21           |
|    total_timesteps      | 40960        |
| train/                  |              |
|    approx_kl            | 0.0029628947 |
|    clip_fraction        | 0.00884      |
|    clip_range           | 0.2          |
|    entropy_loss         | -2.82        |
|    explained_variance   | -0.00137     |
|    learning_rate        | 0.0003       |
|    loss                 | 686          |
|    n_updates            | 190          |
|    policy_gradient_loss | -0.00303     |
|    std                  | 0.997        |
|    value_loss           | 1.47e+03     |
------------------------------------------
------------------------------------------
| rollout/                |              |
|    ep_len_mean          | 16.9         |
|    ep_rew_mean          | -103         |
| time/                   |              |
|    fps                  | 1900         |
|    iterations           | 21           |
|    time_elapsed         | 22           |
|    total_timesteps      | 43008        |
| train/                  |              |
|    approx_kl            | 0.0018478879 |
|    clip_fraction        | 0.00146      |
|    clip_range           | 0.2          |
|    entropy_loss         | -2.84        |
|    explained_variance   | -0.00149     |
|    learning_rate        | 0.0003       |
|    loss                 | 692          |
|    n_updates            | 200          |
|    policy_gradient_loss | -0.00126     |
|    std                  | 1            |
|    value_loss           | 1.38e+03     |
------------------------------------------
-----------------------------------------
| rollout/                |             |
|    ep_len_mean          | 17.5        |
|    ep_rew_mean          | -103        |
| time/                   |             |
|    fps                  | 1902        |
|    iterations           | 22          |
|    time_elapsed         | 23          |
|    total_timesteps      | 45056       |
| train/                  |             |
|    approx_kl            | 0.003469808 |
|    clip_fraction        | 0.00684     |
|    clip_range           | 0.2         |
|    entropy_loss         | -2.84       |
|    explained_variance   | -0.00119    |
|    learning_rate        | 0.0003      |
|    loss                 | 699         |
|    n_updates            | 210         |
|    policy_gradient_loss | -0.00239    |
|    std                  | 0.997       |
|    value_loss           | 1.39e+03    |
-----------------------------------------
------------------------------------------
| rollout/                |              |
|    ep_len_mean          | 17.8         |
|    ep_rew_mean          | -103         |
| time/                   |              |
|    fps                  | 1903         |
|    iterations           | 23           |
|    time_elapsed         | 24           |
|    total_timesteps      | 47104        |
| train/                  |              |
|    approx_kl            | 0.0031979026 |
|    clip_fraction        | 0.0119       |
|    clip_range           | 0.2          |
|    entropy_loss         | -2.83        |
|    explained_variance   | -0.00102     |
|    learning_rate        | 0.0003       |
|    loss                 | 618          |
|    n_updates            | 220          |
|    policy_gradient_loss | -0.00243     |
|    std                  | 0.994        |
|    value_loss           | 1.3e+03      |
------------------------------------------
------------------------------------------
| rollout/                |              |
|    ep_len_mean          | 18.1         |
|    ep_rew_mean          | -103         |
| time/                   |              |
|    fps                  | 1904         |
|    iterations           | 24           |
|    time_elapsed         | 25           |
|    total_timesteps      | 49152        |
| train/                  |              |
|    approx_kl            | 0.0036796187 |
|    clip_fraction        | 0.0131       |
|    clip_range           | 0.2          |
|    entropy_loss         | -2.83        |
|    explained_variance   | -0.000914    |
|    learning_rate        | 0.0003       |
|    loss                 | 560          |
|    n_updates            | 230          |
|    policy_gradient_loss | -0.00335     |
|    std                  | 1            |
|    value_loss           | 1.2e+03      |
------------------------------------------
------------------------------------------
| rollout/                |              |
|    ep_len_mean          | 16.9         |
|    ep_rew_mean          | -103         |
| time/                   |              |
|    fps                  | 1905         |
|    iterations           | 25           |
|    time_elapsed         | 26           |
|    total_timesteps      | 51200        |
| train/                  |              |
|    approx_kl            | 0.0038165278 |
|    clip_fraction        | 0.0167       |
|    clip_range           | 0.2          |
|    entropy_loss         | -2.85        |
|    explained_variance   | -0.000986    |
|    learning_rate        | 0.0003       |
|    loss                 | 540          |
|    n_updates            | 240          |
|    policy_gradient_loss | -0.00223     |
|    std                  | 1            |
|    value_loss           | 1.11e+03     |
------------------------------------------
-----------------------------------------
| rollout/                |             |
|    ep_len_mean          | 17.4        |
|    ep_rew_mean          | -103        |
| time/                   |             |
|    fps                  | 1906        |
|    iterations           | 26          |
|    time_elapsed         | 27          |
|    total_timesteps      | 53248       |
| train/                  |             |
|    approx_kl            | 0.005222533 |
|    clip_fraction        | 0.018       |
|    clip_range           | 0.2         |
|    entropy_loss         | -2.85       |
|    explained_variance   | -0.000906   |
|    learning_rate        | 0.0003      |
|    loss                 | 535         |
|    n_updates            | 250         |
|    policy_gradient_loss | -0.00347    |
|    std                  | 1.01        |
|    value_loss           | 1.08e+03    |
-----------------------------------------
----------------------------------------
| rollout/                |            |
|    ep_len_mean          | 15.5       |
|    ep_rew_mean          | -103       |
| time/                   |            |
|    fps                  | 1906       |
|    iterations           | 27         |
|    time_elapsed         | 28         |
|    total_timesteps      | 55296      |
| train/                  |            |
|    approx_kl            | 0.00459786 |
|    clip_fraction        | 0.0231     |
|    clip_range           | 0.2        |
|    entropy_loss         | -2.86      |
|    explained_variance   | -0.000762  |
|    learning_rate        | 0.0003     |
|    loss                 | 517        |
|    n_updates            | 260        |
|    policy_gradient_loss | -0.00374   |
|    std                  | 1.01       |
|    value_loss           | 1e+03      |
----------------------------------------
------------------------------------------
| rollout/                |              |
|    ep_len_mean          | 16.4         |
|    ep_rew_mean          | -103         |
| time/                   |              |
|    fps                  | 1907         |
|    iterations           | 28           |
|    time_elapsed         | 30           |
|    total_timesteps      | 57344        |
| train/                  |              |
|    approx_kl            | 0.0052043665 |
|    clip_fraction        | 0.0208       |
|    clip_range           | 0.2          |
|    entropy_loss         | -2.85        |
|    explained_variance   | -0.000682    |
|    learning_rate        | 0.0003       |
|    loss                 | 486          |
|    n_updates            | 270          |
|    policy_gradient_loss | -0.0044      |
|    std                  | 0.999        |
|    value_loss           | 985          |
------------------------------------------
----------------------------------------
| rollout/                |            |
|    ep_len_mean          | 17.4       |
|    ep_rew_mean          | -103       |
| time/                   |            |
|    fps                  | 1908       |
|    iterations           | 29         |
|    time_elapsed         | 31         |
|    total_timesteps      | 59392      |
| train/                  |            |
|    approx_kl            | 0.00566315 |
|    clip_fraction        | 0.0332     |
|    clip_range           | 0.2        |
|    entropy_loss         | -2.83      |
|    explained_variance   | -0.000656  |
|    learning_rate        | 0.0003     |
|    loss                 | 433        |
|    n_updates            | 280        |
|    policy_gradient_loss | -0.0054    |
|    std                  | 1          |
|    value_loss           | 876        |
----------------------------------------
-----------------------------------------
| rollout/                |             |
|    ep_len_mean          | 17.7        |
|    ep_rew_mean          | -103        |
| time/                   |             |
|    fps                  | 1909        |
|    iterations           | 30          |
|    time_elapsed         | 32          |
|    total_timesteps      | 61440       |
| train/                  |             |
|    approx_kl            | 0.005301898 |
|    clip_fraction        | 0.032       |
|    clip_range           | 0.2         |
|    entropy_loss         | -2.83       |
|    explained_variance   | -0.000683   |
|    learning_rate        | 0.0003      |
|    loss                 | 372         |
|    n_updates            | 290         |
|    policy_gradient_loss | -0.00627    |
|    std                  | 0.994       |
|    value_loss           | 819         |
-----------------------------------------
-----------------------------------------
| rollout/                |             |
|    ep_len_mean          | 17.9        |
|    ep_rew_mean          | -103        |
| time/                   |             |
|    fps                  | 1909        |
|    iterations           | 31          |
|    time_elapsed         | 33          |
|    total_timesteps      | 63488       |
| train/                  |             |
|    approx_kl            | 0.005133814 |
|    clip_fraction        | 0.0394      |
|    clip_range           | 0.2         |
|    entropy_loss         | -2.82       |
|    explained_variance   | -0.000661   |
|    learning_rate        | 0.0003      |
|    loss                 | 354         |
|    n_updates            | 300         |
|    policy_gradient_loss | -0.00547    |
|    std                  | 0.992       |
|    value_loss           | 731         |
-----------------------------------------
-----------------------------------------
| rollout/                |             |
|    ep_len_mean          | 18.9        |
|    ep_rew_mean          | -103        |
| time/                   |             |
|    fps                  | 1910        |
|    iterations           | 32          |
|    time_elapsed         | 34          |
|    total_timesteps      | 65536       |
| train/                  |             |
|    approx_kl            | 0.003751217 |
|    clip_fraction        | 0.0199      |
|    clip_range           | 0.2         |
|    entropy_loss         | -2.81       |
|    explained_variance   | -0.000651   |
|    learning_rate        | 0.0003      |
|    loss                 | 328         |
|    n_updates            | 310         |
|    policy_gradient_loss | -0.00332    |
|    std                  | 0.986       |
|    value_loss           | 683         |
-----------------------------------------
------------------------------------------
| rollout/                |              |
|    ep_len_mean          | 18.3         |
|    ep_rew_mean          | -103         |
| time/                   |              |
|    fps                  | 1909         |
|    iterations           | 33           |
|    time_elapsed         | 35           |
|    total_timesteps      | 67584        |
| train/                  |              |
|    approx_kl            | 0.0040196087 |
|    clip_fraction        | 0.0231       |
|    clip_range           | 0.2          |
|    entropy_loss         | -2.81        |
|    explained_variance   | -0.000589    |
|    learning_rate        | 0.0003       |
|    loss                 | 288          |
|    n_updates            | 320          |
|    policy_gradient_loss | -0.00349     |
|    std                  | 0.984        |
|    value_loss           | 599          |
------------------------------------------
----------------------------------------
| rollout/                |            |
|    ep_len_mean          | 17.4       |
|    ep_rew_mean          | -103       |
| time/                   |            |
|    fps                  | 1909       |
|    iterations           | 34         |
|    time_elapsed         | 36         |
|    total_timesteps      | 69632      |
| train/                  |            |
|    approx_kl            | 0.00277986 |
|    clip_fraction        | 0.00981    |
|    clip_range           | 0.2        |
|    entropy_loss         | -2.81      |
|    explained_variance   | -0.000538  |
|    learning_rate        | 0.0003     |
|    loss                 | 259        |
|    n_updates            | 330        |
|    policy_gradient_loss | -0.00176   |
|    std                  | 0.991      |
|    value_loss           | 567        |
----------------------------------------
------------------------------------------
| rollout/                |              |
|    ep_len_mean          | 17.6         |
|    ep_rew_mean          | -103         |
| time/                   |              |
|    fps                  | 1909         |
|    iterations           | 35           |
|    time_elapsed         | 37           |
|    total_timesteps      | 71680        |
| train/                  |              |
|    approx_kl            | 0.0040203305 |
|    clip_fraction        | 0.0113       |
|    clip_range           | 0.2          |
|    entropy_loss         | -2.82        |
|    explained_variance   | -0.000506    |
|    learning_rate        | 0.0003       |
|    loss                 | 247          |
|    n_updates            | 340          |
|    policy_gradient_loss | -0.00257     |
|    std                  | 0.991        |
|    value_loss           | 534          |
------------------------------------------
------------------------------------------
| rollout/                |              |
|    ep_len_mean          | 18           |
|    ep_rew_mean          | -103         |
| time/                   |              |
|    fps                  | 1909         |
|    iterations           | 36           |
|    time_elapsed         | 38           |
|    total_timesteps      | 73728        |
| train/                  |              |
|    approx_kl            | 0.0035936385 |
|    clip_fraction        | 0.00674      |
|    clip_range           | 0.2          |
|    entropy_loss         | -2.81        |
|    explained_variance   | -0.000503    |
|    learning_rate        | 0.0003       |
|    loss                 | 249          |
|    n_updates            | 350          |
|    policy_gradient_loss | -0.00197     |
|    std                  | 0.984        |
|    value_loss           | 483          |
------------------------------------------
------------------------------------------
| rollout/                |              |
|    ep_len_mean          | 17.2         |
|    ep_rew_mean          | -103         |
| time/                   |              |
|    fps                  | 1909         |
|    iterations           | 37           |
|    time_elapsed         | 39           |
|    total_timesteps      | 75776        |
| train/                  |              |
|    approx_kl            | 0.0035803707 |
|    clip_fraction        | 0.0172       |
|    clip_range           | 0.2          |
|    entropy_loss         | -2.81        |
|    explained_variance   | -0.000476    |
|    learning_rate        | 0.0003       |
|    loss                 | 182          |
|    n_updates            | 360          |
|    policy_gradient_loss | -0.0032      |
|    std                  | 0.99         |
|    value_loss           | 418          |
------------------------------------------
-----------------------------------------
| rollout/                |             |
|    ep_len_mean          | 16.8        |
|    ep_rew_mean          | -103        |
| time/                   |             |
|    fps                  | 1910        |
|    iterations           | 38          |
|    time_elapsed         | 40          |
|    total_timesteps      | 77824       |
| train/                  |             |
|    approx_kl            | 0.005724049 |
|    clip_fraction        | 0.043       |
|    clip_range           | 0.2         |
|    entropy_loss         | -2.82       |
|    explained_variance   | -0.000426   |
|    learning_rate        | 0.0003      |
|    loss                 | 187         |
|    n_updates            | 370         |
|    policy_gradient_loss | -0.00555    |
|    std                  | 0.989       |
|    value_loss           | 392         |
-----------------------------------------
------------------------------------------
| rollout/                |              |
|    ep_len_mean          | 18.5         |
|    ep_rew_mean          | -103         |
| time/                   |              |
|    fps                  | 1910         |
|    iterations           | 39           |
|    time_elapsed         | 41           |
|    total_timesteps      | 79872        |
| train/                  |              |
|    approx_kl            | 0.0041932696 |
|    clip_fraction        | 0.028        |
|    clip_range           | 0.2          |
|    entropy_loss         | -2.81        |
|    explained_variance   | -0.000471    |
|    learning_rate        | 0.0003       |
|    loss                 | 167          |
|    n_updates            | 380          |
|    policy_gradient_loss | -0.00379     |
|    std                  | 0.982        |
|    value_loss           | 361          |
------------------------------------------
------------------------------------------
| rollout/                |              |
|    ep_len_mean          | 17.4         |
|    ep_rew_mean          | -103         |
| time/                   |              |
|    fps                  | 1911         |
|    iterations           | 40           |
|    time_elapsed         | 42           |
|    total_timesteps      | 81920        |
| train/                  |              |
|    approx_kl            | 0.0049795257 |
|    clip_fraction        | 0.0363       |
|    clip_range           | 0.2          |
|    entropy_loss         | -2.8         |
|    explained_variance   | -0.000399    |
|    learning_rate        | 0.0003       |
|    loss                 | 161          |
|    n_updates            | 390          |
|    policy_gradient_loss | -0.00493     |
|    std                  | 0.986        |
|    value_loss           | 310          |
------------------------------------------
-----------------------------------------
| rollout/                |             |
|    ep_len_mean          | 17          |
|    ep_rew_mean          | -103        |
| time/                   |             |
|    fps                  | 1911        |
|    iterations           | 41          |
|    time_elapsed         | 43          |
|    total_timesteps      | 83968       |
| train/                  |             |
|    approx_kl            | 0.004507495 |
|    clip_fraction        | 0.0208      |
|    clip_range           | 0.2         |
|    entropy_loss         | -2.82       |
|    explained_variance   | -0.000392   |
|    learning_rate        | 0.0003      |
|    loss                 | 140         |
|    n_updates            | 400         |
|    policy_gradient_loss | -0.00318    |
|    std                  | 0.996       |
|    value_loss           | 284         |
-----------------------------------------
------------------------------------------
| rollout/                |              |
|    ep_len_mean          | 18.5         |
|    ep_rew_mean          | -104         |
| time/                   |              |
|    fps                  | 1911         |
|    iterations           | 42           |
|    time_elapsed         | 44           |
|    total_timesteps      | 86016        |
| train/                  |              |
|    approx_kl            | 0.0034595407 |
|    clip_fraction        | 0.0175       |
|    clip_range           | 0.2          |
|    entropy_loss         | -2.82        |
|    explained_variance   | -0.000367    |
|    learning_rate        | 0.0003       |
|    loss                 | 107          |
|    n_updates            | 410          |
|    policy_gradient_loss | -0.00329     |
|    std                  | 0.983        |
|    value_loss           | 252          |
------------------------------------------
-----------------------------------------
| rollout/                |             |
|    ep_len_mean          | 18.7        |
|    ep_rew_mean          | -104        |
| time/                   |             |
|    fps                  | 1912        |
|    iterations           | 43          |
|    time_elapsed         | 46          |
|    total_timesteps      | 88064       |
| train/                  |             |
|    approx_kl            | 0.003609368 |
|    clip_fraction        | 0.0171      |
|    clip_range           | 0.2         |
|    entropy_loss         | -2.8        |
|    explained_variance   | -0.000324   |
|    learning_rate        | 0.0003      |
|    loss                 | 89.7        |
|    n_updates            | 420         |
|    policy_gradient_loss | -0.0025     |
|    std                  | 0.984       |
|    value_loss           | 208         |
-----------------------------------------
------------------------------------------
| rollout/                |              |
|    ep_len_mean          | 17.2         |
|    ep_rew_mean          | -103         |
| time/                   |              |
|    fps                  | 1912         |
|    iterations           | 44           |
|    time_elapsed         | 47           |
|    total_timesteps      | 90112        |
| train/                  |              |
|    approx_kl            | 0.0040799873 |
|    clip_fraction        | 0.0289       |
|    clip_range           | 0.2          |
|    entropy_loss         | -2.81        |
|    explained_variance   | -0.000288    |
|    learning_rate        | 0.0003       |
|    loss                 | 87.7         |
|    n_updates            | 430          |
|    policy_gradient_loss | -0.00325     |
|    std                  | 0.987        |
|    value_loss           | 180          |
------------------------------------------
-----------------------------------------
| rollout/                |             |
|    ep_len_mean          | 21          |
|    ep_rew_mean          | -104        |
| time/                   |             |
|    fps                  | 1912        |
|    iterations           | 45          |
|    time_elapsed         | 48          |
|    total_timesteps      | 92160       |
| train/                  |             |
|    approx_kl            | 0.005450881 |
|    clip_fraction        | 0.0482      |
|    clip_range           | 0.2         |
|    entropy_loss         | -2.81       |
|    explained_variance   | -0.000352   |
|    learning_rate        | 0.0003      |
|    loss                 | 71.1        |
|    n_updates            | 440         |
|    policy_gradient_loss | -0.00499    |
|    std                  | 0.983       |
|    value_loss           | 162         |
-----------------------------------------
-----------------------------------------
| rollout/                |             |
|    ep_len_mean          | 17.4        |
|    ep_rew_mean          | -103        |
| time/                   |             |
|    fps                  | 1913        |
|    iterations           | 46          |
|    time_elapsed         | 49          |
|    total_timesteps      | 94208       |
| train/                  |             |
|    approx_kl            | 0.004346397 |
|    clip_fraction        | 0.0307      |
|    clip_range           | 0.2         |
|    entropy_loss         | -2.79       |
|    explained_variance   | -0.00028    |
|    learning_rate        | 0.0003      |
|    loss                 | 52.9        |
|    n_updates            | 450         |
|    policy_gradient_loss | -0.00368    |
|    std                  | 0.973       |
|    value_loss           | 119         |
-----------------------------------------
------------------------------------------
| rollout/                |              |
|    ep_len_mean          | 17.6         |
|    ep_rew_mean          | -103         |
| time/                   |              |
|    fps                  | 1913         |
|    iterations           | 47           |
|    time_elapsed         | 50           |
|    total_timesteps      | 96256        |
| train/                  |              |
|    approx_kl            | 0.0054931673 |
|    clip_fraction        | 0.0458       |
|    clip_range           | 0.2          |
|    entropy_loss         | -2.78        |
|    explained_variance   | -0.000275    |
|    learning_rate        | 0.0003       |
|    loss                 | 47.4         |
|    n_updates            | 460          |
|    policy_gradient_loss | -0.00572     |
|    std                  | 0.976        |
|    value_loss           | 116          |
------------------------------------------
------------------------------------------
| rollout/                |              |
|    ep_len_mean          | 16.4         |
|    ep_rew_mean          | -103         |
| time/                   |              |
|    fps                  | 1913         |
|    iterations           | 48           |
|    time_elapsed         | 51           |
|    total_timesteps      | 98304        |
| train/                  |              |
|    approx_kl            | 0.0038174144 |
|    clip_fraction        | 0.0255       |
|    clip_range           | 0.2          |
|    entropy_loss         | -2.79        |
|    explained_variance   | -0.000287    |
|    learning_rate        | 0.0003       |
|    loss                 | 44           |
|    n_updates            | 470          |
|    policy_gradient_loss | -0.00328     |
|    std                  | 0.982        |
|    value_loss           | 101          |
------------------------------------------
-----------------------------------------
| rollout/                |             |
|    ep_len_mean          | 19.1        |
|    ep_rew_mean          | -104        |
| time/                   |             |
|    fps                  | 1914        |
|    iterations           | 49          |
|    time_elapsed         | 52          |
|    total_timesteps      | 100352      |
| train/                  |             |
|    approx_kl            | 0.005084348 |
|    clip_fraction        | 0.034       |
|    clip_range           | 0.2         |
|    entropy_loss         | -2.79       |
|    explained_variance   | -0.000294   |
|    learning_rate        | 0.0003      |
|    loss                 | 37.5        |
|    n_updates            | 480         |
|    policy_gradient_loss | -0.00324    |
|    std                  | 0.974       |
|    value_loss           | 83.2        |
-----------------------------------------
------------------------------------------
| rollout/                |              |
|    ep_len_mean          | 17.6         |
|    ep_rew_mean          | -103         |
| time/                   |              |
|    fps                  | 1914         |
|    iterations           | 50           |
|    time_elapsed         | 53           |
|    total_timesteps      | 102400       |
| train/                  |              |
|    approx_kl            | 0.0055700894 |
|    clip_fraction        | 0.0408       |
|    clip_range           | 0.2          |
|    entropy_loss         | -2.77        |
|    explained_variance   | -0.000295    |
|    learning_rate        | 0.0003       |
|    loss                 | 26.5         |
|    n_updates            | 490          |
|    policy_gradient_loss | -0.00375     |
|    std                  | 0.959        |
|    value_loss           | 60.6         |
------------------------------------------
------------------------------------------
| rollout/                |              |
|    ep_len_mean          | 18           |
|    ep_rew_mean          | -103         |
| time/                   |              |
|    fps                  | 1914         |
|    iterations           | 51           |
|    time_elapsed         | 54           |
|    total_timesteps      | 104448       |
| train/                  |              |
|    approx_kl            | 0.0053985864 |
|    clip_fraction        | 0.0312       |
|    clip_range           | 0.2          |
|    entropy_loss         | -2.75        |
|    explained_variance   | -0.000279    |
|    learning_rate        | 0.0003       |
|    loss                 | 21.9         |
|    n_updates            | 500          |
|    policy_gradient_loss | -0.00328     |
|    std                  | 0.956        |
|    value_loss           | 51.3         |
------------------------------------------
------------------------------------------
| rollout/                |              |
|    ep_len_mean          | 16.9         |
|    ep_rew_mean          | -103         |
| time/                   |              |
|    fps                  | 1914         |
|    iterations           | 52           |
|    time_elapsed         | 55           |
|    total_timesteps      | 106496       |
| train/                  |              |
|    approx_kl            | 0.0042964886 |
|    clip_fraction        | 0.0261       |
|    clip_range           | 0.2          |
|    entropy_loss         | -2.73        |
|    explained_variance   | -0.000296    |
|    learning_rate        | 0.0003       |
|    loss                 | 18.3         |
|    n_updates            | 510          |
|    policy_gradient_loss | -0.00356     |
|    std                  | 0.947        |
|    value_loss           | 41.8         |
------------------------------------------
------------------------------------------
| rollout/                |              |
|    ep_len_mean          | 17.3         |
|    ep_rew_mean          | -103         |
| time/                   |              |
|    fps                  | 1915         |
|    iterations           | 53           |
|    time_elapsed         | 56           |
|    total_timesteps      | 108544       |
| train/                  |              |
|    approx_kl            | 0.0064153955 |
|    clip_fraction        | 0.0448       |
|    clip_range           | 0.2          |
|    entropy_loss         | -2.73        |
|    explained_variance   | -0.000265    |
|    learning_rate        | 0.0003       |
|    loss                 | 16.1         |
|    n_updates            | 520          |
|    policy_gradient_loss | -0.00399     |
|    std                  | 0.957        |
|    value_loss           | 33.8         |
------------------------------------------
------------------------------------------
| rollout/                |              |
|    ep_len_mean          | 16.6         |
|    ep_rew_mean          | -103         |
| time/                   |              |
|    fps                  | 1915         |
|    iterations           | 54           |
|    time_elapsed         | 57           |
|    total_timesteps      | 110592       |
| train/                  |              |
|    approx_kl            | 0.0060344785 |
|    clip_fraction        | 0.0602       |
|    clip_range           | 0.2          |
|    entropy_loss         | -2.75        |
|    explained_variance   | -0.000257    |
|    learning_rate        | 0.0003       |
|    loss                 | 13           |
|    n_updates            | 530          |
|    policy_gradient_loss | -0.00362     |
|    std                  | 0.967        |
|    value_loss           | 28           |
------------------------------------------
------------------------------------------
| rollout/                |              |
|    ep_len_mean          | 18.1         |
|    ep_rew_mean          | -104         |
| time/                   |              |
|    fps                  | 1915         |
|    iterations           | 55           |
|    time_elapsed         | 58           |
|    total_timesteps      | 112640       |
| train/                  |              |
|    approx_kl            | 0.0054999897 |
|    clip_fraction        | 0.0683       |
|    clip_range           | 0.2          |
|    entropy_loss         | -2.77        |
|    explained_variance   | -0.00027     |
|    learning_rate        | 0.0003       |
|    loss                 | 13.9         |
|    n_updates            | 540          |
|    policy_gradient_loss | -0.003       |
|    std                  | 0.973        |
|    value_loss           | 25.2         |
------------------------------------------
------------------------------------------
| rollout/                |              |
|    ep_len_mean          | 18.4         |
|    ep_rew_mean          | -104         |
| time/                   |              |
|    fps                  | 1915         |
|    iterations           | 56           |
|    time_elapsed         | 59           |
|    total_timesteps      | 114688       |
| train/                  |              |
|    approx_kl            | 0.0051542935 |
|    clip_fraction        | 0.0697       |
|    clip_range           | 0.2          |
|    entropy_loss         | -2.77        |
|    explained_variance   | -0.000138    |
|    learning_rate        | 0.0003       |
|    loss                 | 11.1         |
|    n_updates            | 550          |
|    policy_gradient_loss | -0.00655     |
|    std                  | 0.969        |
|    value_loss           | 22.8         |
------------------------------------------
------------------------------------------
| rollout/                |              |
|    ep_len_mean          | 17.3         |
|    ep_rew_mean          | -103         |
| time/                   |              |
|    fps                  | 1915         |
|    iterations           | 57           |
|    time_elapsed         | 60           |
|    total_timesteps      | 116736       |
| train/                  |              |
|    approx_kl            | 0.0054363767 |
|    clip_fraction        | 0.0487       |
|    clip_range           | 0.2          |
|    entropy_loss         | -2.76        |
|    explained_variance   | -0.000106    |
|    learning_rate        | 0.0003       |
|    loss                 | 11.9         |
|    n_updates            | 560          |
|    policy_gradient_loss | -0.00383     |
|    std                  | 0.964        |
|    value_loss           | 23           |
------------------------------------------
------------------------------------------
| rollout/                |              |
|    ep_len_mean          | 18.4         |
|    ep_rew_mean          | -104         |
| time/                   |              |
|    fps                  | 1916         |
|    iterations           | 58           |
|    time_elapsed         | 61           |
|    total_timesteps      | 118784       |
| train/                  |              |
|    approx_kl            | 0.0037404962 |
|    clip_fraction        | 0.0393       |
|    clip_range           | 0.2          |
|    entropy_loss         | -2.75        |
|    explained_variance   | -9.19e-05    |
|    learning_rate        | 0.0003       |
|    loss                 | 10.9         |
|    n_updates            | 570          |
|    policy_gradient_loss | -0.00319     |
|    std                  | 0.96         |
|    value_loss           | 23.6         |
------------------------------------------
------------------------------------------
| rollout/                |              |
|    ep_len_mean          | 16.8         |
|    ep_rew_mean          | -103         |
| time/                   |              |
|    fps                  | 1916         |
|    iterations           | 59           |
|    time_elapsed         | 63           |
|    total_timesteps      | 120832       |
| train/                  |              |
|    approx_kl            | 0.0038000112 |
|    clip_fraction        | 0.0242       |
|    clip_range           | 0.2          |
|    entropy_loss         | -2.74        |
|    explained_variance   | -6.1e-05     |
|    learning_rate        | 0.0003       |
|    loss                 | 11           |
|    n_updates            | 580          |
|    policy_gradient_loss | -0.00205     |
|    std                  | 0.954        |
|    value_loss           | 23.5         |
------------------------------------------
------------------------------------------
| rollout/                |              |
|    ep_len_mean          | 18.7         |
|    ep_rew_mean          | -104         |
| time/                   |              |
|    fps                  | 1916         |
|    iterations           | 60           |
|    time_elapsed         | 64           |
|    total_timesteps      | 122880       |
| train/                  |              |
|    approx_kl            | 0.0043560895 |
|    clip_fraction        | 0.0246       |
|    clip_range           | 0.2          |
|    entropy_loss         | -2.74        |
|    explained_variance   | -5.57e-05    |
|    learning_rate        | 0.0003       |
|    loss                 | 10.2         |
|    n_updates            | 590          |
|    policy_gradient_loss | -0.00239     |
|    std                  | 0.959        |
|    value_loss           | 22.3         |
------------------------------------------
------------------------------------------
| rollout/                |              |
|    ep_len_mean          | 17.6         |
|    ep_rew_mean          | -103         |
| time/                   |              |
|    fps                  | 1916         |
|    iterations           | 61           |
|    time_elapsed         | 65           |
|    total_timesteps      | 124928       |
| train/                  |              |
|    approx_kl            | 0.0043957806 |
|    clip_fraction        | 0.039        |
|    clip_range           | 0.2          |
|    entropy_loss         | -2.75        |
|    explained_variance   | -4.02e-05    |
|    learning_rate        | 0.0003       |
|    loss                 | 12           |
|    n_updates            | 600          |
|    policy_gradient_loss | -0.00363     |
|    std                  | 0.957        |
|    value_loss           | 22.5         |
------------------------------------------
------------------------------------------
| rollout/                |              |
|    ep_len_mean          | 17.5         |
|    ep_rew_mean          | -103         |
| time/                   |              |
|    fps                  | 1917         |
|    iterations           | 62           |
|    time_elapsed         | 66           |
|    total_timesteps      | 126976       |
| train/                  |              |
|    approx_kl            | 0.0057477425 |
|    clip_fraction        | 0.0392       |
|    clip_range           | 0.2          |
|    entropy_loss         | -2.73        |
|    explained_variance   | -4.68e-05    |
|    learning_rate        | 0.0003       |
|    loss                 | 11.7         |
|    n_updates            | 610          |
|    policy_gradient_loss | -0.00523     |
|    std                  | 0.946        |
|    value_loss           | 22.7         |
------------------------------------------
-----------------------------------------
| rollout/                |             |
|    ep_len_mean          | 17.1        |
|    ep_rew_mean          | -103        |
| time/                   |             |
|    fps                  | 1917        |
|    iterations           | 63          |
|    time_elapsed         | 67          |
|    total_timesteps      | 129024      |
| train/                  |             |
|    approx_kl            | 0.005921731 |
|    clip_fraction        | 0.0699      |
|    clip_range           | 0.2         |
|    entropy_loss         | -2.7        |
|    explained_variance   | -3.87e-05   |
|    learning_rate        | 0.0003      |
|    loss                 | 12.3        |
|    n_updates            | 620         |
|    policy_gradient_loss | -0.00799    |
|    std                  | 0.932       |
|    value_loss           | 22.7        |
-----------------------------------------
------------------------------------------
| rollout/                |              |
|    ep_len_mean          | 18.2         |
|    ep_rew_mean          | -103         |
| time/                   |              |
|    fps                  | 1917         |
|    iterations           | 64           |
|    time_elapsed         | 68           |
|    total_timesteps      | 131072       |
| train/                  |              |
|    approx_kl            | 0.0051246453 |
|    clip_fraction        | 0.0374       |
|    clip_range           | 0.2          |
|    entropy_loss         | -2.69        |
|    explained_variance   | -3.8e-05     |
|    learning_rate        | 0.0003       |
|    loss                 | 10.7         |
|    n_updates            | 630          |
|    policy_gradient_loss | -0.00424     |
|    std                  | 0.93         |
|    value_loss           | 23           |
------------------------------------------
------------------------------------------
| rollout/                |              |
|    ep_len_mean          | 19.1         |
|    ep_rew_mean          | -104         |
| time/                   |              |
|    fps                  | 1917         |
|    iterations           | 65           |
|    time_elapsed         | 69           |
|    total_timesteps      | 133120       |
| train/                  |              |
|    approx_kl            | 0.0034981428 |
|    clip_fraction        | 0.0108       |
|    clip_range           | 0.2          |
|    entropy_loss         | -2.68        |
|    explained_variance   | -3.3e-05     |
|    learning_rate        | 0.0003       |
|    loss                 | 11.3         |
|    n_updates            | 640          |
|    policy_gradient_loss | -0.00236     |
|    std                  | 0.926        |
|    value_loss           | 23.7         |
------------------------------------------
------------------------------------------
| rollout/                |              |
|    ep_len_mean          | 17.6         |
|    ep_rew_mean          | -103         |
| time/                   |              |
|    fps                  | 1917         |
|    iterations           | 66           |
|    time_elapsed         | 70           |
|    total_timesteps      | 135168       |
| train/                  |              |
|    approx_kl            | 0.0044222707 |
|    clip_fraction        | 0.0293       |
|    clip_range           | 0.2          |
|    entropy_loss         | -2.68        |
|    explained_variance   | -2.6e-05     |
|    learning_rate        | 0.0003       |
|    loss                 | 11.3         |
|    n_updates            | 650          |
|    policy_gradient_loss | -0.00287     |
|    std                  | 0.928        |
|    value_loss           | 23.4         |
------------------------------------------
------------------------------------------
| rollout/                |              |
|    ep_len_mean          | 16.6         |
|    ep_rew_mean          | -103         |
| time/                   |              |
|    fps                  | 1917         |
|    iterations           | 67           |
|    time_elapsed         | 71           |
|    total_timesteps      | 137216       |
| train/                  |              |
|    approx_kl            | 0.0060465327 |
|    clip_fraction        | 0.0458       |
|    clip_range           | 0.2          |
|    entropy_loss         | -2.68        |
|    explained_variance   | -3.62e-05    |
|    learning_rate        | 0.0003       |
|    loss                 | 12           |
|    n_updates            | 660          |
|    policy_gradient_loss | -0.00567     |
|    std                  | 0.929        |
|    value_loss           | 24.3         |
------------------------------------------
------------------------------------------
| rollout/                |              |
|    ep_len_mean          | 18.2         |
|    ep_rew_mean          | -103         |
| time/                   |              |
|    fps                  | 1918         |
|    iterations           | 68           |
|    time_elapsed         | 72           |
|    total_timesteps      | 139264       |
| train/                  |              |
|    approx_kl            | 0.0029788462 |
|    clip_fraction        | 0.0116       |
|    clip_range           | 0.2          |
|    entropy_loss         | -2.68        |
|    explained_variance   | -2.99e-05    |
|    learning_rate        | 0.0003       |
|    loss                 | 10.7         |
|    n_updates            | 670          |
|    policy_gradient_loss | -0.00264     |
|    std                  | 0.926        |
|    value_loss           | 22.2         |
------------------------------------------
-----------------------------------------
| rollout/                |             |
|    ep_len_mean          | 18.1        |
|    ep_rew_mean          | -104        |
| time/                   |             |
|    fps                  | 1918        |
|    iterations           | 69          |
|    time_elapsed         | 73          |
|    total_timesteps      | 141312      |
| train/                  |             |
|    approx_kl            | 0.002944632 |
|    clip_fraction        | 0.0161      |
|    clip_range           | 0.2         |
|    entropy_loss         | -2.69       |
|    explained_variance   | -2.23e-05   |
|    learning_rate        | 0.0003      |
|    loss                 | 10.6        |
|    n_updates            | 680         |
|    policy_gradient_loss | -0.00226    |
|    std                  | 0.931       |
|    value_loss           | 22.6        |
-----------------------------------------
-----------------------------------------
| rollout/                |             |
|    ep_len_mean          | 15.5        |
|    ep_rew_mean          | -103        |
| time/                   |             |
|    fps                  | 1918        |
|    iterations           | 70          |
|    time_elapsed         | 74          |
|    total_timesteps      | 143360      |
| train/                  |             |
|    approx_kl            | 0.005574551 |
|    clip_fraction        | 0.031       |
|    clip_range           | 0.2         |
|    entropy_loss         | -2.69       |
|    explained_variance   | -1.9e-05    |
|    learning_rate        | 0.0003      |
|    loss                 | 11.7        |
|    n_updates            | 690         |
|    policy_gradient_loss | -0.00318    |
|    std                  | 0.93        |
|    value_loss           | 22.6        |
-----------------------------------------
------------------------------------------
| rollout/                |              |
|    ep_len_mean          | 17.5         |
|    ep_rew_mean          | -103         |
| time/                   |              |
|    fps                  | 1918         |
|    iterations           | 71           |
|    time_elapsed         | 75           |
|    total_timesteps      | 145408       |
| train/                  |              |
|    approx_kl            | 0.0046586143 |
|    clip_fraction        | 0.0332       |
|    clip_range           | 0.2          |
|    entropy_loss         | -2.68        |
|    explained_variance   | -2.19e-05    |
|    learning_rate        | 0.0003       |
|    loss                 | 12.8         |
|    n_updates            | 700          |
|    policy_gradient_loss | -0.00373     |
|    std                  | 0.928        |
|    value_loss           | 23.4         |
------------------------------------------
-----------------------------------------
| rollout/                |             |
|    ep_len_mean          | 17.3        |
|    ep_rew_mean          | -103        |
| time/                   |             |
|    fps                  | 1918        |
|    iterations           | 72          |
|    time_elapsed         | 76          |
|    total_timesteps      | 147456      |
| train/                  |             |
|    approx_kl            | 0.006026799 |
|    clip_fraction        | 0.0301      |
|    clip_range           | 0.2         |
|    entropy_loss         | -2.69       |
|    explained_variance   | -1.99e-05   |
|    learning_rate        | 0.0003      |
|    loss                 | 11.7        |
|    n_updates            | 710         |
|    policy_gradient_loss | -0.00267    |
|    std                  | 0.931       |
|    value_loss           | 22.7        |
-----------------------------------------
------------------------------------------
| rollout/                |              |
|    ep_len_mean          | 18.3         |
|    ep_rew_mean          | -103         |
| time/                   |              |
|    fps                  | 1918         |
|    iterations           | 73           |
|    time_elapsed         | 77           |
|    total_timesteps      | 149504       |
| train/                  |              |
|    approx_kl            | 0.0056354254 |
|    clip_fraction        | 0.0415       |
|    clip_range           | 0.2          |
|    entropy_loss         | -2.69        |
|    explained_variance   | -1.63e-05    |
|    learning_rate        | 0.0003       |
|    loss                 | 12.1         |
|    n_updates            | 720          |
|    policy_gradient_loss | -0.00416     |
|    std                  | 0.926        |
|    value_loss           | 23.6         |
------------------------------------------
------------------------------------------
| rollout/                |              |
|    ep_len_mean          | 17.4         |
|    ep_rew_mean          | -103         |
| time/                   |              |
|    fps                  | 1918         |
|    iterations           | 74           |
|    time_elapsed         | 78           |
|    total_timesteps      | 151552       |
| train/                  |              |
|    approx_kl            | 0.0041989526 |
|    clip_fraction        | 0.034        |
|    clip_range           | 0.2          |
|    entropy_loss         | -2.68        |
|    explained_variance   | -1.51e-05    |
|    learning_rate        | 0.0003       |
|    loss                 | 9.79         |
|    n_updates            | 730          |
|    policy_gradient_loss | -0.0037      |
|    std                  | 0.92         |
|    value_loss           | 23.6         |
------------------------------------------
